Start testing: Nov 17 15:23 PST
----------------------------------------------------------
19/19 Testing: a_ii_normals_test
19/19 Test: a_ii_normals_test
Command: "/wg/stor2a/mdixon/pcl/branches/pcl-1.1.x/build/test/test_ii_normals" "/wg/stor2a/mdixon/pcl/branches/pcl-1.1.x/test/table_scene_mug_stereo_textured.pcd"
Directory: /wg/stor2a/mdixon/pcl/branches/pcl-1.1.x/build/test
"a_ii_normals_test" start time: Nov 17 15:23 PST
Output:
----------------------------------------------------------
[==========] Running 2 tests from 1 test case.
[----------] Global test environment set-up.
[----------] 2 tests from PCL
[ RUN      ] PCL.NormalEstimation
[       OK ] PCL.NormalEstimation
[ RUN      ] PCL.IINormalEstimation
[       OK ] PCL.IINormalEstimation
[----------] Global test environment tear-down
[==========] 2 tests from 1 test case ran.
[  PASSED  ] 2 tests.
<end of output>
Test time =   0.26 sec
----------------------------------------------------------
Test Passed.
"a_ii_normals_test" end time: Nov 17 15:23 PST
"a_ii_normals_test" time elapsed: 00:00:00
----------------------------------------------------------

18/19 Testing: a_keypoints_test
18/19 Test: a_keypoints_test
Command: "/wg/stor2a/mdixon/pcl/branches/pcl-1.1.x/build/test/test_keypoints" "/wg/stor2a/mdixon/pcl/branches/pcl-1.1.x/test/cturtle.pcd"
Directory: /wg/stor2a/mdixon/pcl/branches/pcl-1.1.x/build/test
"a_keypoints_test" start time: Nov 17 15:23 PST
Output:
----------------------------------------------------------
[==========] Running 2 tests from 1 test case.
[----------] Global test environment set-up.
[----------] 2 tests from PCL
[ RUN      ] PCL.SIFTKeypoint
[       OK ] PCL.SIFTKeypoint
[ RUN      ] PCL.SIFTKeypoint_radiusSearch
[       OK ] PCL.SIFTKeypoint_radiusSearch
[----------] Global test environment tear-down
[==========] 2 tests from 1 test case ran.
[  PASSED  ] 2 tests.
<end of output>
Test time =   1.91 sec
----------------------------------------------------------
Test Passed.
"a_keypoints_test" end time: Nov 17 15:23 PST
"a_keypoints_test" time elapsed: 00:00:01
----------------------------------------------------------

17/19 Testing: a_registration_test
17/19 Test: a_registration_test
Command: "/wg/stor2a/mdixon/pcl/branches/pcl-1.1.x/build/test/test_registration" "/wg/stor2a/mdixon/pcl/branches/pcl-1.1.x/test/bun0.pcd" "/wg/stor2a/mdixon/pcl/branches/pcl-1.1.x/test/bun4.pcd"
Directory: /wg/stor2a/mdixon/pcl/branches/pcl-1.1.x/build/test
"a_registration_test" start time: Nov 17 15:23 PST
Output:
----------------------------------------------------------
[==========] Running 4 tests from 1 test case.
[----------] Global test environment set-up.
[----------] 4 tests from PCL
[ RUN      ] PCL.findFeatureCorrespondences
[       OK ] PCL.findFeatureCorrespondences
[ RUN      ] PCL.IterativeClosestPoint
[       OK ] PCL.IterativeClosestPoint
[ RUN      ] PCL.IterativeClosestPointNonLinear
[       OK ] PCL.IterativeClosestPointNonLinear
[ RUN      ] PCL.SampleConsensusInitialAlignment
[       OK ] PCL.SampleConsensusInitialAlignment
[----------] Global test environment tear-down
[==========] 4 tests from 1 test case ran.
[  PASSED  ] 4 tests.
<end of output>
Test time =   0.57 sec
----------------------------------------------------------
Test Passed.
"a_registration_test" end time: Nov 17 15:23 PST
"a_registration_test" time elapsed: 00:00:00
----------------------------------------------------------

16/19 Testing: a_segmentation_test
16/19 Test: a_segmentation_test
Command: "/wg/stor2a/mdixon/pcl/branches/pcl-1.1.x/build/test/test_segmentation" "/wg/stor2a/mdixon/pcl/branches/pcl-1.1.x/test/bun0.pcd"
Directory: /wg/stor2a/mdixon/pcl/branches/pcl-1.1.x/build/test
"a_segmentation_test" start time: Nov 17 15:23 PST
Output:
----------------------------------------------------------
[==========] Running 2 tests from 2 test cases.
[----------] Global test environment set-up.
[----------] 1 test from SegmentDifferences
[ RUN      ] SegmentDifferences.Segmentation
[       OK ] SegmentDifferences.Segmentation
[----------] 1 test from ExtractPolygonalPrism
[ RUN      ] ExtractPolygonalPrism.Segmentation
[       OK ] ExtractPolygonalPrism.Segmentation
[----------] Global test environment tear-down
[==========] 2 tests from 2 test cases ran.
[  PASSED  ] 2 tests.
<end of output>
Test time =   0.02 sec
----------------------------------------------------------
Test Passed.
"a_segmentation_test" end time: Nov 17 15:23 PST
"a_segmentation_test" time elapsed: 00:00:00
----------------------------------------------------------

15/19 Testing: a_transforms_test
15/19 Test: a_transforms_test
Command: "/wg/stor2a/mdixon/pcl/branches/pcl-1.1.x/build/test/test_transforms" "/wg/stor2a/mdixon/pcl/branches/pcl-1.1.x/test/bun0.pcd"
Directory: /wg/stor2a/mdixon/pcl/branches/pcl-1.1.x/build/test
"a_transforms_test" start time: Nov 17 15:23 PST
Output:
----------------------------------------------------------
[==========] Running 3 tests from 1 test case.
[----------] Global test environment set-up.
[----------] 3 tests from PCL
[ RUN      ] PCL.DeMean
[       OK ] PCL.DeMean
[ RUN      ] PCL.Transform
[       OK ] PCL.Transform
[ RUN      ] PCL.commonTransform
[       OK ] PCL.commonTransform
[----------] Global test environment tear-down
[==========] 3 tests from 1 test case ran.
[  PASSED  ] 3 tests.
<end of output>
Test time =   0.01 sec
----------------------------------------------------------
Test Passed.
"a_transforms_test" end time: Nov 17 15:23 PST
"a_transforms_test" time elapsed: 00:00:00
----------------------------------------------------------

14/19 Testing: a_sample_consensus_test
14/19 Test: a_sample_consensus_test
Command: "/wg/stor2a/mdixon/pcl/branches/pcl-1.1.x/build/test/test_sample_consensus" "/wg/stor2a/mdixon/pcl/branches/pcl-1.1.x/test/sac_plane_test.pcd"
Directory: /wg/stor2a/mdixon/pcl/branches/pcl-1.1.x/build/test
"a_sample_consensus_test" start time: Nov 17 15:23 PST
Output:
----------------------------------------------------------
[==========] Running 13 tests from 7 test cases.
[----------] Global test environment set-up.
[----------] 1 test from SampleConsensusModelPlane
[ RUN      ] SampleConsensusModelPlane.Base
[       OK ] SampleConsensusModelPlane.Base
[----------] 7 tests from RANSAC
[ RUN      ] RANSAC.Base
[       OK ] RANSAC.Base
[ RUN      ] RANSAC.SampleConsensusModelPlane
[       OK ] RANSAC.SampleConsensusModelPlane
[ RUN      ] RANSAC.SampleConsensusModelSphere
[       OK ] RANSAC.SampleConsensusModelSphere
[ RUN      ] RANSAC.SampleConsensusModelCylinder
[       OK ] RANSAC.SampleConsensusModelCylinder
[ RUN      ] RANSAC.SampleConsensusModelCircle2D
[       OK ] RANSAC.SampleConsensusModelCircle2D
[ RUN      ] RANSAC.SampleConsensusModelLine
[       OK ] RANSAC.SampleConsensusModelLine
[ RUN      ] RANSAC.SampleConsensusModelNormalPlane
[       OK ] RANSAC.SampleConsensusModelNormalPlane
[----------] 1 test from LMedS
[ RUN      ] LMedS.SampleConsensusModelPlane
[       OK ] LMedS.SampleConsensusModelPlane
[----------] 1 test from MSAC
[ RUN      ] MSAC.SampleConsensusModelPlane
[       OK ] MSAC.SampleConsensusModelPlane
[----------] 1 test from RRANSAC
[ RUN      ] RRANSAC.SampleConsensusModelPlane
[       OK ] RRANSAC.SampleConsensusModelPlane
[----------] 1 test from RMSAC
[ RUN      ] RMSAC.SampleConsensusModelPlane
[       OK ] RMSAC.SampleConsensusModelPlane
[----------] 1 test from MLESAC
[ RUN      ] MLESAC.SampleConsensusModelPlane
[       OK ] MLESAC.SampleConsensusModelPlane
[----------] Global test environment tear-down
[==========] 13 tests from 7 test cases ran.
[  PASSED  ] 13 tests.
<end of output>
Test time =   0.23 sec
----------------------------------------------------------
Test Passed.
"a_sample_consensus_test" end time: Nov 17 15:23 PST
"a_sample_consensus_test" time elapsed: 00:00:00
----------------------------------------------------------

13/19 Testing: a_feature_test
13/19 Test: a_feature_test
Command: "/wg/stor2a/mdixon/pcl/branches/pcl-1.1.x/build/test/test_feature" "/wg/stor2a/mdixon/pcl/branches/pcl-1.1.x/test/bun0.pcd"
Directory: /wg/stor2a/mdixon/pcl/branches/pcl-1.1.x/build/test
"a_feature_test" start time: Nov 17 15:23 PST
Output:
----------------------------------------------------------
[==========] Running 20 tests from 1 test case.
[----------] Global test environment set-up.
[----------] 20 tests from PCL
[ RUN      ] PCL.BaseFeature
[       OK ] PCL.BaseFeature
[ RUN      ] PCL.NormalEstimation
[       OK ] PCL.NormalEstimation
[ RUN      ] PCL.NormalEstimationOpenMP
[       OK ] PCL.NormalEstimationOpenMP
[ RUN      ] PCL.MomentInvariantsEstimation
[       OK ] PCL.MomentInvariantsEstimation
[ RUN      ] PCL.BoundaryEstimation
[       OK ] PCL.BoundaryEstimation
[ RUN      ] PCL.PrincipalCurvaturesEstimation
[       OK ] PCL.PrincipalCurvaturesEstimation
[ RUN      ] PCL.SHOTShapeEstimation
[       OK ] PCL.SHOTShapeEstimation
[ RUN      ] PCL.GenericSHOTShapeEstimation
[       OK ] PCL.GenericSHOTShapeEstimation
[ RUN      ] PCL.SHOTShapeAndColorEstimation
[       OK ] PCL.SHOTShapeAndColorEstimation
[ RUN      ] PCL.SHOTShapeEstimationOpenMP
[       OK ] PCL.SHOTShapeEstimationOpenMP
[ RUN      ] PCL.SHOTShapeAndColorEstimationOpenMP
[       OK ] PCL.SHOTShapeAndColorEstimationOpenMP
[ RUN      ] PCL.PFHEstimation
[       OK ] PCL.PFHEstimation
[ RUN      ] PCL.FPFHEstimation
[       OK ] PCL.FPFHEstimation
[ RUN      ] PCL.FPFHEstimationOpenMP
[       OK ] PCL.FPFHEstimationOpenMP
[ RUN      ] PCL.PPFEstimation
[       OK ] PCL.PPFEstimation
[ RUN      ] PCL.VFHEstimation
[       OK ] PCL.VFHEstimation
[ RUN      ] PCL.RSDEstimation
[       OK ] PCL.RSDEstimation
[ RUN      ] PCL.IntensityGradientEstimation
[       OK ] PCL.IntensityGradientEstimation
[ RUN      ] PCL.IntensitySpinEstimation
[       OK ] PCL.IntensitySpinEstimation
[ RUN      ] PCL.RIFTEstimation
[       OK ] PCL.RIFTEstimation
[----------] Global test environment tear-down
[==========] 20 tests from 1 test case ran.
[  PASSED  ] 20 tests.
<end of output>
Test time =  13.10 sec
----------------------------------------------------------
Test Passed.
"a_feature_test" end time: Nov 17 15:23 PST
"a_feature_test" time elapsed: 00:00:13
----------------------------------------------------------

12/19 Testing: surface_surface
12/19 Test: surface_surface
Command: "/wg/stor2a/mdixon/pcl/branches/pcl-1.1.x/build/surface/test/test_surface" "/wg/stor2a/mdixon/pcl/branches/pcl-1.1.x/test/bun0.pcd"
Directory: /wg/stor2a/mdixon/pcl/branches/pcl-1.1.x/build/surface/test
"surface_surface" start time: Nov 17 15:23 PST
Output:
----------------------------------------------------------
[==========] Running 7 tests from 1 test case.
[----------] Global test environment set-up.
[----------] 7 tests from PCL
[ RUN      ] PCL.MovingLeastSquares
[       OK ] PCL.MovingLeastSquares
[ RUN      ] PCL.GreedyProjectionTriangulation
[       OK ] PCL.GreedyProjectionTriangulation
[ RUN      ] PCL.GridProjection
[       OK ] PCL.GridProjection
[ RUN      ] PCL.ConvexHull_bunny
[       OK ] PCL.ConvexHull_bunny
[ RUN      ] PCL.ConvexHull_LTable
[       OK ] PCL.ConvexHull_LTable
[ RUN      ] PCL.ConcaveHull_bunny
[       OK ] PCL.ConcaveHull_bunny
[ RUN      ] PCL.ConcaveHull_LTable
[       OK ] PCL.ConcaveHull_LTable
[----------] Global test environment tear-down
[==========] 7 tests from 1 test case ran.
[  PASSED  ] 7 tests.
<end of output>
Test time =   1.08 sec
----------------------------------------------------------
Test Passed.
"surface_surface" end time: Nov 17 15:23 PST
"surface_surface" time elapsed: 00:00:01
----------------------------------------------------------

11/19 Testing: features_narf
11/19 Test: features_narf
Command: "/wg/stor2a/mdixon/pcl/branches/pcl-1.1.x/build/features/test/test_narf"
Directory: /wg/stor2a/mdixon/pcl/branches/pcl-1.1.x/build/features/test
"features_narf" start time: Nov 17 15:23 PST
Output:
----------------------------------------------------------
[==========] Running 1 test from 1 test case.
[----------] Global test environment set-up.
[----------] 1 test from PCL
[ RUN      ] PCL.Narf_save_load
[       OK ] PCL.Narf_save_load
[----------] Global test environment tear-down
[==========] 1 test from 1 test case ran.
[  PASSED  ] 1 test.
<end of output>
Test time =   0.01 sec
----------------------------------------------------------
Test Passed.
"features_narf" end time: Nov 17 15:23 PST
"features_narf" time elapsed: 00:00:00
----------------------------------------------------------

10/19 Testing: filters_filters
10/19 Test: filters_filters
Command: "/wg/stor2a/mdixon/pcl/branches/pcl-1.1.x/build/filters/test/test_filters" "/wg/stor2a/mdixon/pcl/branches/pcl-1.1.x/test/bun0.pcd"
Directory: /wg/stor2a/mdixon/pcl/branches/pcl-1.1.x/build/filters/test
"filters_filters" start time: Nov 17 15:23 PST
Output:
----------------------------------------------------------
[==========] Running 9 tests from 9 test cases.
[----------] Global test environment set-up.
[----------] 1 test from ExtractIndicesSelf
[ RUN      ] ExtractIndicesSelf.Filters
[       OK ] ExtractIndicesSelf.Filters
[----------] 1 test from ExtractIndices
[ RUN      ] ExtractIndices.Filters
[       OK ] ExtractIndices.Filters
[----------] 1 test from PassThrough
[ RUN      ] PassThrough.Filters
[       OK ] PassThrough.Filters
[----------] 1 test from VoxelGrid
[ RUN      ] VoxelGrid.Filters
[       OK ] VoxelGrid.Filters
[----------] 1 test from VoxelGrid_RGB
[ RUN      ] VoxelGrid_RGB.Filters
[       OK ] VoxelGrid_RGB.Filters
[----------] 1 test from ProjectInliers
[ RUN      ] ProjectInliers.Filters
[       OK ] ProjectInliers.Filters
[----------] 1 test from RadiusOutlierRemoval
[ RUN      ] RadiusOutlierRemoval.Filters
[       OK ] RadiusOutlierRemoval.Filters
[----------] 1 test from StatisticalOutlierRemoval
[ RUN      ] StatisticalOutlierRemoval.Filters
[       OK ] StatisticalOutlierRemoval.Filters
[----------] 1 test from ConditionalRemoval
[ RUN      ] ConditionalRemoval.Filters
[       OK ] ConditionalRemoval.Filters
[----------] Global test environment tear-down
[==========] 9 tests from 9 test cases ran.
[  PASSED  ] 9 tests.
<end of output>
Test time =   0.04 sec
----------------------------------------------------------
Test Passed.
"filters_filters" end time: Nov 17 15:23 PST
"filters_filters" time elapsed: 00:00:00
----------------------------------------------------------

9/19 Testing: kdtree_organized
9/19 Test: kdtree_organized
Command: "/wg/stor2a/mdixon/pcl/branches/pcl-1.1.x/build/kdtree/test/test_organized_neighbor_search"
Directory: /wg/stor2a/mdixon/pcl/branches/pcl-1.1.x/build/kdtree/test
"kdtree_organized" start time: Nov 17 15:23 PST
Output:
----------------------------------------------------------
[==========] Running 2 tests from 1 test case.
[----------] Global test environment set-up.
[----------] 2 tests from PCL
[ RUN      ] PCL.Organized_Neighbor_Search_Pointcloud_Nearest_K_Neighbour_Search
[       OK ] PCL.Organized_Neighbor_Search_Pointcloud_Nearest_K_Neighbour_Search
[ RUN      ] PCL.Organized_Neighbor_Search_Pointcloud_Neighbours_Within_Radius_Search
[       OK ] PCL.Organized_Neighbor_Search_Pointcloud_Neighbours_Within_Radius_Search
[----------] Global test environment tear-down
[==========] 2 tests from 1 test case ran.
[  PASSED  ] 2 tests.
<end of output>
Test time =   0.25 sec
----------------------------------------------------------
Test Passed.
"kdtree_organized" end time: Nov 17 15:23 PST
"kdtree_organized" time elapsed: 00:00:00
----------------------------------------------------------

8/19 Testing: kdtree_kdtree
8/19 Test: kdtree_kdtree
Command: "/wg/stor2a/mdixon/pcl/branches/pcl-1.1.x/build/kdtree/test/test_kdtree"
Directory: /wg/stor2a/mdixon/pcl/branches/pcl-1.1.x/build/kdtree/test
"kdtree_kdtree" start time: Nov 17 15:23 PST
Output:
----------------------------------------------------------
[==========] Running 3 tests from 1 test case.
[----------] Global test environment set-up.
[----------] 3 tests from PCL
[ RUN      ] PCL.KdTreeFLANN_radiusSearch
FLANN radiusSearch took 5146ms.
FLANN radiusSearch (unsorted results) took 3257ms.
[       OK ] PCL.KdTreeFLANN_radiusSearch
[ RUN      ] PCL.KdTreeFLANN_nearestKSearch
FLANN nearestKSearch took 2042ms.
[       OK ] PCL.KdTreeFLANN_nearestKSearch
[ RUN      ] PCL.KdTreeFLANN_setPointRepresentation
[       OK ] PCL.KdTreeFLANN_setPointRepresentation
[----------] Global test environment tear-down
[==========] 3 tests from 1 test case ran.
[  PASSED  ] 3 tests.
<end of output>
Test time =  10.00 sec
----------------------------------------------------------
Test Passed.
"kdtree_kdtree" end time: Nov 17 15:23 PST
"kdtree_kdtree" time elapsed: 00:00:09
----------------------------------------------------------

7/19 Testing: compression_range_coder
7/19 Test: compression_range_coder
Command: "/wg/stor2a/mdixon/pcl/branches/pcl-1.1.x/build/io/test/test_range_coder"
Directory: /wg/stor2a/mdixon/pcl/branches/pcl-1.1.x/build/io/test
"compression_range_coder" start time: Nov 17 15:23 PST
Output:
----------------------------------------------------------
[==========] Running 2 tests from 1 test case.
[----------] Global test environment set-up.
[----------] 2 tests from PCL
[ RUN      ] PCL.Adaptive_Range_Coder_Test
[       OK ] PCL.Adaptive_Range_Coder_Test
[ RUN      ] PCL.Static_Range_Coder_Test
[       OK ] PCL.Static_Range_Coder_Test
[----------] Global test environment tear-down
[==========] 2 tests from 1 test case ran.
[  PASSED  ] 2 tests.
<end of output>
Test time =   0.01 sec
----------------------------------------------------------
Test Passed.
"compression_range_coder" end time: Nov 17 15:23 PST
"compression_range_coder" time elapsed: 00:00:00
----------------------------------------------------------

6/19 Testing: io_iterators
6/19 Test: io_iterators
Command: "/wg/stor2a/mdixon/pcl/branches/pcl-1.1.x/build/io/test/test_iterators"
Directory: /wg/stor2a/mdixon/pcl/branches/pcl-1.1.x/build/io/test
"io_iterators" start time: Nov 17 15:23 PST
Output:
----------------------------------------------------------
[==========] Running 1 test from 1 test case.
[----------] Global test environment set-up.
[----------] 1 test from PCL
[ RUN      ] PCL.Iterators
[       OK ] PCL.Iterators
[----------] Global test environment tear-down
[==========] 1 test from 1 test case ran.
[  PASSED  ] 1 test.
<end of output>
Test time =   0.00 sec
----------------------------------------------------------
Test Passed.
"io_iterators" end time: Nov 17 15:23 PST
"io_iterators" time elapsed: 00:00:00
----------------------------------------------------------

5/19 Testing: io_io
5/19 Test: io_io
Command: "/wg/stor2a/mdixon/pcl/branches/pcl-1.1.x/build/io/test/test_io"
Directory: /wg/stor2a/mdixon/pcl/branches/pcl-1.1.x/build/io/test
"io_io" start time: Nov 17 15:23 PST
Output:
----------------------------------------------------------
[==========] Running 8 tests from 1 test case.
[----------] Global test environment set-up.
[----------] 8 tests from PCL
[ RUN      ] PCL.ComplexPCDFileASCII
[       OK ] PCL.ComplexPCDFileASCII
[ RUN      ] PCL.ConcatenatePoints
[       OK ] PCL.ConcatenatePoints
[ RUN      ] PCL.ConcatenateFields
[       OK ] PCL.ConcatenateFields
[ RUN      ] PCL.IO
[       OK ] PCL.IO
[ RUN      ] PCL.PCDReaderWriter
[       OK ] PCL.PCDReaderWriter
[ RUN      ] PCL.ExtendedIO
[       OK ] PCL.ExtendedIO
[ RUN      ] PCL.EigenConversions
[       OK ] PCL.EigenConversions
[ RUN      ] PCL.CopyPointCloud
[       OK ] PCL.CopyPointCloud
[----------] Global test environment tear-down
[==========] 8 tests from 1 test case ran.
[  PASSED  ] 8 tests.
<end of output>
Test time =   2.62 sec
----------------------------------------------------------
Test Passed.
"io_io" end time: Nov 17 15:23 PST
"io_io" time elapsed: 00:00:02
----------------------------------------------------------

4/19 Testing: a_octree_test
4/19 Test: a_octree_test
Command: "/wg/stor2a/mdixon/pcl/branches/pcl-1.1.x/build/octree/test/test_octree"
Directory: /wg/stor2a/mdixon/pcl/branches/pcl-1.1.x/build/octree/test
"a_octree_test" start time: Nov 17 15:23 PST
Output:
----------------------------------------------------------
[==========] Running 13 tests from 1 test case.
[----------] Global test environment set-up.
[----------] 13 tests from PCL
[ RUN      ] PCL.Octree_Test
[       OK ] PCL.Octree_Test
[ RUN      ] PCL.Octree2Buf_Test
[       OK ] PCL.Octree2Buf_Test
[ RUN      ] PCL.Octree_LowMem_Test
[       OK ] PCL.Octree_LowMem_Test
[ RUN      ] PCL.Octree2Buf_Base_Double_Buffering_Test
[       OK ] PCL.Octree2Buf_Base_Double_Buffering_Test
[ RUN      ] PCL.Octree2Buf_Base_Double_Buffering_XOR_Test
[       OK ] PCL.Octree2Buf_Base_Double_Buffering_XOR_Test
[ RUN      ] PCL.Octree_Pointcloud_Test
[       OK ] PCL.Octree_Pointcloud_Test
[ RUN      ] PCL.Octree_Pointcloud_Density_Test
[       OK ] PCL.Octree_Pointcloud_Density_Test
[ RUN      ] PCL.Octree_Pointcloud_Occupancy_Test
[       OK ] PCL.Octree_Pointcloud_Occupancy_Test
[ RUN      ] PCL.Octree_Pointcloud_Change_Detector_Test
[       OK ] PCL.Octree_Pointcloud_Change_Detector_Test
[ RUN      ] PCL.Octree_Pointcloud_Voxel_Centroid_Test
[       OK ] PCL.Octree_Pointcloud_Voxel_Centroid_Test
[ RUN      ] PCL.Octree_Pointcloud_Nearest_K_Neighbour_Search
[       OK ] PCL.Octree_Pointcloud_Nearest_K_Neighbour_Search
[ RUN      ] PCL.Octree_Pointcloud_Approx_Nearest_Neighbour_Search
[       OK ] PCL.Octree_Pointcloud_Approx_Nearest_Neighbour_Search
[ RUN      ] PCL.Octree_Pointcloud_Neighbours_Within_Radius_Search
[       OK ] PCL.Octree_Pointcloud_Neighbours_Within_Radius_Search
[----------] Global test environment tear-down
[==========] 13 tests from 1 test case ran.
[  PASSED  ] 13 tests.
<end of output>
Test time =   1.97 sec
----------------------------------------------------------
Test Passed.
"a_octree_test" end time: Nov 17 15:24 PST
"a_octree_test" time elapsed: 00:00:01
----------------------------------------------------------

3/19 Testing: common_pca
3/19 Test: common_pca
Command: "/wg/stor2a/mdixon/pcl/branches/pcl-1.1.x/build/common/test/test_pca"
Directory: /wg/stor2a/mdixon/pcl/branches/pcl-1.1.x/build/common/test
"common_pca" start time: Nov 17 15:24 PST
Output:
----------------------------------------------------------
[==========] Running 1 test from 1 test case.
[----------] Global test environment set-up.
[----------] 1 test from PCL
[ RUN      ] PCL.pca
0.000140501
6.7408e-05
8.48073e-05
4.3536e-05
7.69823e-05
2.98547e-05
3.25928e-05
1.79939e-05
1.57284e-05
7.62939e-06
3.8147e-06
1.07896e-05
2.15792e-05
2.15792e-05
3.41197e-05
2.02754e-05
3.50143e-05
5.29955e-05
6.66208e-05
9.31482e-05
[       OK ] PCL.pca
[----------] Global test environment tear-down
[==========] 1 test from 1 test case ran.
[  PASSED  ] 1 test.
<end of output>
Test time =   0.00 sec
----------------------------------------------------------
Test Passed.
"common_pca" end time: Nov 17 15:24 PST
"common_pca" time elapsed: 00:00:00
----------------------------------------------------------

2/19 Testing: common_common
2/19 Test: common_common
Command: "/wg/stor2a/mdixon/pcl/branches/pcl-1.1.x/build/common/test/test_common"
Directory: /wg/stor2a/mdixon/pcl/branches/pcl-1.1.x/build/common/test
"common_common" start time: Nov 17 15:24 PST
Output:
----------------------------------------------------------
[==========] Running 6 tests from 1 test case.
[----------] Global test environment set-up.
[----------] 6 tests from PCL
[ RUN      ] PCL.PointXYZRGB
[       OK ] PCL.PointXYZRGB
[ RUN      ] PCL.PointXYZRGBNormal
[       OK ] PCL.PointXYZRGBNormal
[ RUN      ] PCL.Common
[       OK ] PCL.Common
[ RUN      ] PCL.Eigen
[       OK ] PCL.Eigen
[ RUN      ] PCL.PointCloud
[       OK ] PCL.PointCloud
[ RUN      ] PCL.PointTypes
[       OK ] PCL.PointTypes
[----------] Global test environment tear-down
[==========] 6 tests from 1 test case ran.
[  PASSED  ] 6 tests.
<end of output>
Test time =   0.00 sec
----------------------------------------------------------
Test Passed.
"common_common" end time: Nov 17 15:24 PST
"common_common" time elapsed: 00:00:00
----------------------------------------------------------

1/19 Testing: common_vector_average
1/19 Test: common_vector_average
Command: "/wg/stor2a/mdixon/pcl/branches/pcl-1.1.x/build/common/test/test_vector_average"
Directory: /wg/stor2a/mdixon/pcl/branches/pcl-1.1.x/build/common/test
"common_vector_average" start time: Nov 17 15:24 PST
Output:
----------------------------------------------------------
[==========] Running 1 test from 1 test case.
[----------] Global test environment set-up.
[----------] 1 test from PCL
[ RUN      ] PCL.VectorAverage_mean
[       OK ] PCL.VectorAverage_mean
[----------] Global test environment tear-down
[==========] 1 test from 1 test case ran.
[  PASSED  ] 1 test.
<end of output>
Test time =   0.00 sec
----------------------------------------------------------
Test Passed.
"common_vector_average" end time: Nov 17 15:24 PST
"common_vector_average" time elapsed: 00:00:00
----------------------------------------------------------

End testing: Nov 17 15:24 PST
